#
# There is insufficient memory for the Java Runtime Environment to continue.
# Native memory allocation (malloc) failed to allocate 684336 bytes for Chunk::new
# Possible reasons:
#   The system is out of physical RAM or swap space
#   In 32 bit mode, the process size limit was hit
# Possible solutions:
#   Reduce memory load on the system
#   Increase physical memory or swap space
#   Check if swap backing store is full
#   Use 64 bit Java on a 64 bit OS
#   Decrease Java heap size (-Xmx/-Xms)
#   Decrease number of Java threads
#   Decrease Java thread stack sizes (-Xss)
#   Set larger code cache with -XX:ReservedCodeCacheSize=
# This output file may be truncated or incomplete.
#
#  Out of Memory Error (allocation.cpp:390), pid=1940, tid=0x000000000000518c
#
# JRE version: OpenJDK Runtime Environment (8.0_152-b02) (build 1.8.0_152-release-1024-b02)
# Java VM: OpenJDK 64-Bit Server VM (25.152-b02 mixed mode windows-amd64 compressed oops)
# Failed to write core dump. Minidumps are not enabled by default on client versions of Windows
#

---------------  T H R E A D  ---------------

Current thread (0x00000000579b1800):  JavaThread "C2 CompilerThread1" daemon [_thread_in_native, id=20876, stack(0x0000000058090000,0x0000000058190000)]

Stack: [0x0000000058090000,0x0000000058190000]
[error occurred during error reporting (printing stack bounds), id 0xc0000005]

Native frames: (J=compiled Java code, j=interpreted, Vv=VM code, C=native code)


Current CompileTask:
C2:   3562 4328       4       org.jetbrains.kotlin.com.intellij.lang.java.parser.ExpressionParser::parseBinary (164 bytes)


---------------  P R O C E S S  ---------------

Java Threads: ( => current thread )
  0x0000000058bc4000 JavaThread "RMI RenewClean-[localhost:59733,org.jetbrains.kotlin.daemon.common.LoopbackNetworkInterface$ClientLoopbackSocketFactory@282eda61]" daemon [_thread_blocked, id=20540, stack(0x0000000059eb0000,0x0000000059fb0000)]
  0x0000000058b62800 JavaThread "RMI TCP Connection(2)-127.0.0.1" daemon [_thread_in_vm, id=21300, stack(0x0000000059cd0000,0x0000000059dd0000)]
  0x0000000058bdf000 JavaThread "RMI Scheduler(0)" daemon [_thread_blocked, id=2516, stack(0x0000000059b80000,0x0000000059c80000)]
  0x000000000014f000 JavaThread "DestroyJavaVM" [_thread_blocked, id=14992, stack(0x0000000002810000,0x0000000002910000)]
  0x0000000058b38000 JavaThread "RMI TCP Connection(1)-127.0.0.1" daemon [_thread_in_native, id=19864, stack(0x00000000593a0000,0x00000000594a0000)]
  0x0000000058b44800 JavaThread "GC Daemon" daemon [_thread_blocked, id=21364, stack(0x0000000059860000,0x0000000059960000)]
  0x0000000058b58800 JavaThread "RMI Reaper" [_thread_blocked, id=12844, stack(0x0000000059710000,0x0000000059810000)]
  0x000000005893d000 JavaThread "Timer-0" daemon [_thread_blocked, id=19200, stack(0x00000000594a0000,0x00000000595a0000)]
  0x0000000058a1d000 JavaThread "RMI TCP Accept-17979" daemon [_thread_in_native, id=2460, stack(0x0000000059280000,0x0000000059380000)]
  0x0000000057a3c800 JavaThread "Service Thread" daemon [_thread_blocked, id=20604, stack(0x0000000058570000,0x0000000058670000)]
  0x00000000579b2000 JavaThread "C1 CompilerThread2" daemon [_thread_blocked, id=16524, stack(0x00000000583a0000,0x00000000584a0000)]
=>0x00000000579b1800 JavaThread "C2 CompilerThread1" daemon [_thread_in_native, id=20876, stack(0x0000000058090000,0x0000000058190000)]
  0x000000005642d800 JavaThread "C2 CompilerThread0" daemon [_thread_in_native, id=20640, stack(0x0000000058230000,0x0000000058330000)]
  0x000000005799b000 JavaThread "Attach Listener" daemon [_thread_blocked, id=16232, stack(0x0000000057f90000,0x0000000058090000)]
  0x000000005799a800 JavaThread "Signal Dispatcher" daemon [_thread_blocked, id=16300, stack(0x0000000057df0000,0x0000000057ef0000)]
  0x0000000056408800 JavaThread "Finalizer" daemon [_thread_blocked, id=6012, stack(0x0000000057890000,0x0000000057990000)]
  0x00000000563c1800 JavaThread "Reference Handler" daemon [_thread_blocked, id=20592, stack(0x00000000576c0000,0x00000000577c0000)]

Other Threads:
  0x00000000563b9800 VMThread [stack: 0x0000000057510000,0x0000000057610000] [id=2508]
  0x0000000057a3d800 WatcherThread [stack: 0x00000000587d0000,0x00000000588d0000] [id=19568]

VM state:not at safepoint (normal execution)

VM Mutex/Monitor currently owned by a thread:  ([mutex/lock_event])
[0x000000000014cac0] SymbolTable_lock - owner thread: 0x0000000000000000

Heap:
 PSYoungGen      total 71680K, used 70323K [0x00000000e0000000, 0x00000000e6d80000, 0x0000000100000000)
  eden space 55808K, 97% used [0x00000000e0000000,0x00000000e353ff58,0x00000000e3680000)
  from space 15872K, 99% used [0x00000000e3680000,0x00000000e45ecf78,0x00000000e4600000)
  to   space 18432K, 0% used [0x00000000e5b80000,0x00000000e5b80000,0x00000000e6d80000)
 ParOldGen       total 127488K, used 23418K [0x00000000a0000000, 0x00000000a7c80000, 0x00000000e0000000)
  object space 127488K, 18% used [0x00000000a0000000,0x00000000a16de8b8,0x00000000a7c80000)
 Metaspace       used 42410K, capacity 43152K, committed 43432K, reserved 1087488K
  class space    used 5320K, capacity 5512K, committed 5552K, reserved 1048576K

Card table byte_map: [0x0000000011cd0000,0x0000000011fe0000] byte_map_base: 0x00000000117d0000

Marking Bits: (ParMarkBitMap*) 0x0000000064184970
 Begin Bits: [0x0000000012730000, 0x0000000013f30000)
 End Bits:   [0x0000000013f30000, 0x0000000015730000)

Polling page: 0x0000000000130000

CodeCache: size=245760Kb used=13881Kb max_used=13881Kb free=231878Kb
 bounds [0x0000000002910000, 0x00000000036b0000, 0x0000000011910000]
 total_blobs=4949 nmethods=4466 adapters=395
 compilation: enabled

Compilation events (10 events):
Event: 3.552 Thread 0x00000000579b2000 4492       2       java.lang.invoke.InnerClassLambdaMetafactory::getParameterSize (27 bytes)
Event: 3.552 Thread 0x00000000579b2000 nmethod 4492 0x00000000036a6110 code [0x00000000036a6260, 0x00000000036a63f0]
Event: 3.553 Thread 0x00000000579b2000 4493       2       org.jetbrains.kotlin.com.intellij.util.keyFMap.ArrayBackedFMap::indexOf (50 bytes)
Event: 3.553 Thread 0x00000000579b2000 nmethod 4493 0x00000000036a6450 code [0x00000000036a65c0, 0x00000000036a67b0]
Event: 3.558 Thread 0x00000000579b2000 4495       2       org.jetbrains.kotlin.com.intellij.util.containers.ConcurrentIntObjectHashMap::spread (10 bytes)
Event: 3.558 Thread 0x00000000579b2000 nmethod 4495 0x00000000036a6890 code [0x00000000036a69e0, 0x00000000036a6b10]
Event: 3.559 Thread 0x00000000579b2000 4496       2       java.lang.invoke.DirectMethodHandle::maybeCompile (18 bytes)
Event: 3.559 Thread 0x00000000579b2000 nmethod 4496 0x00000000036a6b90 code [0x00000000036a6d00, 0x00000000036a6e98]
Event: 3.559 Thread 0x00000000579b2000 4497       2       java.lang.invoke.DirectMethodHandle::<init> (132 bytes)
Event: 3.560 Thread 0x00000000579b2000 nmethod 4497 0x00000000036a6f90 code [0x00000000036a7160, 0x00000000036a7758]

GC Heap History (10 events):
Event: 1.733 GC heap before
{Heap before GC invocations=6 (full 2):
 PSYoungGen      total 38400K, used 33280K [0x00000000e0000000, 0x00000000e4b00000, 0x0000000100000000)
  eden space 33280K, 100% used [0x00000000e0000000,0x00000000e2080000,0x00000000e2080000)
  from space 5120K, 0% used [0x00000000e2080000,0x00000000e2080000,0x00000000e2580000)
  to   space 5120K, 0% used [0x00000000e4600000,0x00000000e4600000,0x00000000e4b00000)
 ParOldGen       total 70656K, used 10214K [0x00000000a0000000, 0x00000000a4500000, 0x00000000e0000000)
  object space 70656K, 14% used [0x00000000a0000000,0x00000000a09f9910,0x00000000a4500000)
 Metaspace       used 25039K, capacity 25536K, committed 25904K, reserved 1071104K
  class space    used 3178K, capacity 3314K, committed 3376K, reserved 1048576K
Event: 1.739 GC heap after
Heap after GC invocations=6 (full 2):
 PSYoungGen      total 50176K, used 5098K [0x00000000e0000000, 0x00000000e4b00000, 0x0000000100000000)
  eden space 45056K, 0% used [0x00000000e0000000,0x00000000e0000000,0x00000000e2c00000)
  from space 5120K, 99% used [0x00000000e4600000,0x00000000e4afab58,0x00000000e4b00000)
  to   space 5120K, 0% used [0x00000000e4100000,0x00000000e4100000,0x00000000e4600000)
 ParOldGen       total 70656K, used 12461K [0x00000000a0000000, 0x00000000a4500000, 0x00000000e0000000)
  object space 70656K, 17% used [0x00000000a0000000,0x00000000a0c2b5d8,0x00000000a4500000)
 Metaspace       used 25039K, capacity 25536K, committed 25904K, reserved 1071104K
  class space    used 3178K, capacity 3314K, committed 3376K, reserved 1048576K
}
Event: 2.221 GC heap before
{Heap before GC invocations=7 (full 2):
 PSYoungGen      total 50176K, used 50154K [0x00000000e0000000, 0x00000000e4b00000, 0x0000000100000000)
  eden space 45056K, 100% used [0x00000000e0000000,0x00000000e2c00000,0x00000000e2c00000)
  from space 5120K, 99% used [0x00000000e4600000,0x00000000e4afab58,0x00000000e4b00000)
  to   space 5120K, 0% used [0x00000000e4100000,0x00000000e4100000,0x00000000e4600000)
 ParOldGen       total 70656K, used 12461K [0x00000000a0000000, 0x00000000a4500000, 0x00000000e0000000)
  object space 70656K, 17% used [0x00000000a0000000,0x00000000a0c2b5d8,0x00000000a4500000)
 Metaspace       used 33200K, capacity 33696K, committed 34096K, reserved 1079296K
  class space    used 4208K, capacity 4320K, committed 4400K, reserved 1048576K
Event: 2.231 GC heap after
Heap after GC invocations=7 (full 2):
 PSYoungGen      total 67072K, used 5115K [0x00000000e0000000, 0x00000000e4680000, 0x0000000100000000)
  eden space 61952K, 0% used [0x00000000e0000000,0x00000000e0000000,0x00000000e3c80000)
  from space 5120K, 99% used [0x00000000e4100000,0x00000000e45fec50,0x00000000e4600000)
  to   space 512K, 0% used [0x00000000e4600000,0x00000000e4600000,0x00000000e4680000)
 ParOldGen       total 70656K, used 23811K [0x00000000a0000000, 0x00000000a4500000, 0x00000000e0000000)
  object space 70656K, 33% used [0x00000000a0000000,0x00000000a1740d08,0x00000000a4500000)
 Metaspace       used 33200K, capacity 33696K, committed 34096K, reserved 1079296K
  class space    used 4208K, capacity 4320K, committed 4400K, reserved 1048576K
}
Event: 2.349 GC heap before
{Heap before GC invocations=8 (full 2):
 PSYoungGen      total 67072K, used 16057K [0x00000000e0000000, 0x00000000e4680000, 0x0000000100000000)
  eden space 61952K, 17% used [0x00000000e0000000,0x00000000e0aafb60,0x00000000e3c80000)
  from space 5120K, 99% used [0x00000000e4100000,0x00000000e45fec50,0x00000000e4600000)
  to   space 512K, 0% used [0x00000000e4600000,0x00000000e4600000,0x00000000e4680000)
 ParOldGen       total 70656K, used 23811K [0x00000000a0000000, 0x00000000a4500000, 0x00000000e0000000)
  object space 70656K, 33% used [0x00000000a0000000,0x00000000a1740d08,0x00000000a4500000)
 Metaspace       used 34692K, capacity 35218K, committed 35496K, reserved 1081344K
  class space    used 4378K, capacity 4497K, committed 4528K, reserved 1048576K
Event: 2.355 GC heap after
Heap after GC invocations=8 (full 2):
 PSYoungGen      total 56320K, used 480K [0x00000000e0000000, 0x00000000e7880000, 0x0000000100000000)
  eden space 55808K, 0% used [0x00000000e0000000,0x00000000e0000000,0x00000000e3680000)
  from space 512K, 93% used [0x00000000e4600000,0x00000000e4678010,0x00000000e4680000)
  to   space 15872K, 0% used [0x00000000e3680000,0x00000000e3680000,0x00000000e4600000)
 ParOldGen       total 70656K, used 30710K [0x00000000a0000000, 0x00000000a4500000, 0x00000000e0000000)
  object space 70656K, 43% used [0x00000000a0000000,0x00000000a1dfd8f8,0x00000000a4500000)
 Metaspace       used 34692K, capacity 35218K, committed 35496K, reserved 1081344K
  class space    used 4378K, capacity 4497K, committed 4528K, reserved 1048576K
}
Event: 2.355 GC heap before
{Heap before GC invocations=9 (full 3):
 PSYoungGen      total 56320K, used 480K [0x00000000e0000000, 0x00000000e7880000, 0x0000000100000000)
  eden space 55808K, 0% used [0x00000000e0000000,0x00000000e0000000,0x00000000e3680000)
  from space 512K, 93% used [0x00000000e4600000,0x00000000e4678010,0x00000000e4680000)
  to   space 15872K, 0% used [0x00000000e3680000,0x00000000e3680000,0x00000000e4600000)
 ParOldGen       total 70656K, used 30710K [0x00000000a0000000, 0x00000000a4500000, 0x00000000e0000000)
  object space 70656K, 43% used [0x00000000a0000000,0x00000000a1dfd8f8,0x00000000a4500000)
 Metaspace       used 34692K, capacity 35218K, committed 35496K, reserved 1081344K
  class space    used 4378K, capacity 4497K, committed 4528K, reserved 1048576K
Event: 2.436 GC heap after
Heap after GC invocations=9 (full 3):
 PSYoungGen      total 56320K, used 0K [0x00000000e0000000, 0x00000000e7880000, 0x0000000100000000)
  eden space 55808K, 0% used [0x00000000e0000000,0x00000000e0000000,0x00000000e3680000)
  from space 512K, 0% used [0x00000000e4600000,0x00000000e4600000,0x00000000e4680000)
  to   space 15872K, 0% used [0x00000000e3680000,0x00000000e3680000,0x00000000e4600000)
 ParOldGen       total 127488K, used 23410K [0x00000000a0000000, 0x00000000a7c80000, 0x00000000e0000000)
  object space 127488K, 18% used [0x00000000a0000000,0x00000000a16dc8b8,0x00000000a7c80000)
 Metaspace       used 34692K, capacity 35218K, committed 35496K, reserved 1081344K
  class space    used 4378K, capacity 4497K, committed 4528K, reserved 1048576K
}
Event: 2.894 GC heap before
{Heap before GC invocations=10 (full 3):
 PSYoungGen      total 56320K, used 55808K [0x00000000e0000000, 0x00000000e7880000, 0x0000000100000000)
  eden space 55808K, 100% used [0x00000000e0000000,0x00000000e3680000,0x00000000e3680000)
  from space 512K, 0% used [0x00000000e4600000,0x00000000e4600000,0x00000000e4680000)
  to   space 15872K, 0% used [0x00000000e3680000,0x00000000e3680000,0x00000000e4600000)
 ParOldGen       total 127488K, used 23410K [0x00000000a0000000, 0x00000000a7c80000, 0x00000000e0000000)
  object space 127488K, 18% used [0x00000000a0000000,0x00000000a16dc8b8,0x00000000a7c80000)
 Metaspace       used 38323K, capacity 38888K, committed 39336K, reserved 1083392K
  class space    used 4786K, capacity 4926K, committed 5040K, reserved 1048576K
Event: 2.914 GC heap after
Heap after GC invocations=10 (full 3):
 PSYoungGen      total 71680K, used 15795K [0x00000000e0000000, 0x00000000e6d80000, 0x0000000100000000)
  eden space 55808K, 0% used [0x00000000e0000000,0x00000000e0000000,0x00000000e3680000)
  from space 15872K, 99% used [0x00000000e3680000,0x00000000e45ecf78,0x00000000e4600000)
  to   space 18432K, 0% used [0x00000000e5b80000,0x00000000e5b80000,0x00000000e6d80000)
 ParOldGen       total 127488K, used 23418K [0x00000000a0000000, 0x00000000a7c80000, 0x00000000e0000000)
  object space 127488K, 18% used [0x00000000a0000000,0x00000000a16de8b8,0x00000000a7c80000)
 Metaspace       used 38323K, capacity 38888K, committed 39336K, reserved 1083392K
  class space    used 4786K, capacity 4926K, committed 5040K, reserved 1048576K
}

Deoptimization events (10 events):
Event: 3.206 Thread 0x0000000058b62800 Uncommon trap: reason=class_check action=maybe_recompile pc=0x00000000033e9984 method=org.jetbrains.kotlin.incremental.UtilsKt.record(Lorg/jetbrains/kotlin/incremental/components/LookupTracker;Lorg/jetbrains/kotlin/incremental/components/LookupLocation;Lo
Event: 3.206 Thread 0x0000000058b62800 Uncommon trap: reason=class_check action=maybe_recompile pc=0x00000000034feccc method=org.jetbrains.kotlin.incremental.UtilsKt.record(Lorg/jetbrains/kotlin/incremental/components/LookupTracker;Lorg/jetbrains/kotlin/incremental/components/LookupLocation;Lo
Event: 3.228 Thread 0x0000000058b62800 Uncommon trap: reason=unstable_if action=reinterpret pc=0x00000000033e9efc method=org.jetbrains.kotlin.resolve.DescriptorUtils.getFqNameSafeIfPossible(Lorg/jetbrains/kotlin/descriptors/DeclarationDescriptor;)Lorg/jetbrains/kotlin/name/FqName; @ 22
Event: 3.268 Thread 0x0000000058b62800 Uncommon trap: reason=unstable_if action=reinterpret pc=0x0000000002e29944 method=org.jetbrains.kotlin.protobuf.CodedInputStream.readRawVarint32()I @ 69
Event: 3.268 Thread 0x0000000058b62800 Uncommon trap: reason=unstable_if action=reinterpret pc=0x000000000323ed64 method=org.jetbrains.kotlin.protobuf.CodedOutputStream.computeRawVarint32Size(I)I @ 14
Event: 3.325 Thread 0x0000000058b62800 Uncommon trap: reason=range_check action=make_not_entrant pc=0x00000000035c290c method=org.jetbrains.kotlin.com.intellij.openapi.vfs.CharsetToolkit.guessFromContent(II)Lorg/jetbrains/kotlin/com/intellij/openapi/vfs/CharsetToolkit$GuessedEncoding; @ 59
Event: 3.333 Thread 0x0000000058b62800 Uncommon trap: reason=unstable_if action=reinterpret pc=0x00000000035bc4a0 method=sun.nio.cs.ext.DoubleByte$Decoder.decodeArrayLoop(Ljava/nio/ByteBuffer;Ljava/nio/CharBuffer;)Ljava/nio/charset/CoderResult; @ 59
Event: 3.341 Thread 0x0000000058b62800 Uncommon trap: reason=unstable_if action=reinterpret pc=0x00000000035c1f68 method=org.jetbrains.kotlin.com.intellij.openapi.fileEditor.impl.LoadTextUtil.convertLineSeparatorsToSlashN(Ljava/nio/CharBuffer;)Lorg/jetbrains/kotlin/com/intellij/openapi/util/Pa
Event: 3.345 Thread 0x0000000058b62800 Uncommon trap: reason=unstable_if action=reinterpret pc=0x00000000035cd18c method=org.jetbrains.kotlin.com.intellij.openapi.util.text.StringUtil.assertValidSeparators(Ljava/lang/CharSequence;)V @ 34
Event: 3.350 Thread 0x0000000058b62800 Uncommon trap: reason=unstable_if action=reinterpret pc=0x00000000035ccb7c method=org.jetbrains.kotlin.com.intellij.util.text.ImmutableText.toBytesIfPossible(Ljava/lang/CharSequence;)[B @ 80

Classes redefined (0 events):
No events

Internal exceptions (10 events):
Event: 1.457 Thread 0x0000000058b62800 Exception <a 'java/lang/NoSuchMethodError': java.lang.Object.lambda$static$0(I)[Lorg/jetbrains/kotlin/com/intellij/openapi/editor/event/DocumentListener;> (0x00000000e08f3f28) thrown at [D:\src\AOSP-openjdk-cygwin\jdk8u\hotspot\src\share\vm\interpreter\li
Event: 1.474 Thread 0x0000000058b62800 Exception <a 'java/lang/NoSuchMethodError': java.lang.Object.lambda$static$0(I)[Lorg/jetbrains/kotlin/com/intellij/psi/PsiAnnotation;> (0x00000000e0abd780) thrown at [D:\src\AOSP-openjdk-cygwin\jdk8u\hotspot\src\share\vm\interpreter\linkResolver.cpp, line
Event: 2.197 Thread 0x0000000058b62800 Exception <a 'java/lang/NoSuchMethodError': java.lang.Object.lambda$static$0(I)[Lorg/jetbrains/kotlin/psi/KtExpression;> (0x00000000e29fbfe0) thrown at [D:\src\AOSP-openjdk-cygwin\jdk8u\hotspot\src\share\vm\interpreter\linkResolver.cpp, line 584]
Event: 2.240 Thread 0x0000000058b62800 Exception <a 'java/lang/NoSuchMethodError': java.lang.Object.lambda$static$0(I)[Lorg/jetbrains/kotlin/psi/KtDeclaration;> (0x00000000e00b0010) thrown at [D:\src\AOSP-openjdk-cygwin\jdk8u\hotspot\src\share\vm\interpreter\linkResolver.cpp, line 584]
Event: 2.246 Thread 0x0000000058b62800 Exception <a 'java/lang/NoSuchMethodError': java.lang.Object.lambda$static$0(I)[Lorg/jetbrains/kotlin/com/intellij/psi/PsiElement;> (0x00000000e0137d48) thrown at [D:\src\AOSP-openjdk-cygwin\jdk8u\hotspot\src\share\vm\interpreter\linkResolver.cpp, line 58
Event: 2.255 Thread 0x0000000058b62800 Exception <a 'java/lang/NoSuchMethodError': java.lang.Object.lambda$static$0(I)[Lorg/jetbrains/kotlin/psi/KtTypeElement;> (0x00000000e01f04f8) thrown at [D:\src\AOSP-openjdk-cygwin\jdk8u\hotspot\src\share\vm\interpreter\linkResolver.cpp, line 584]
Event: 2.509 Thread 0x0000000058b62800 Exception <a 'java/lang/NoSuchMethodError': java.lang.Object.lambda$static$0(I)[Lorg/jetbrains/kotlin/com/intellij/psi/PsiClass;> (0x00000000e0688b38) thrown at [D:\src\AOSP-openjdk-cygwin\jdk8u\hotspot\src\share\vm\interpreter\linkResolver.cpp, line 584]
Event: 3.481 Thread 0x0000000058b62800 Exception <a 'java/lang/NoSuchMethodError': java.lang.Object.lambda$static$0(I)[Lorg/jetbrains/kotlin/com/intellij/psi/PsiTypeElement;> (0x00000000e2e77568) thrown at [D:\src\AOSP-openjdk-cygwin\jdk8u\hotspot\src\share\vm\interpreter\linkResolver.cpp, lin
Event: 3.533 Thread 0x0000000058b62800 Exception <a 'java/lang/NoSuchMethodError': java.lang.Object.lambda$static$0(I)[Lorg/jetbrains/kotlin/com/intellij/psi/PsiTypeParameter;> (0x00000000e33c2a10) thrown at [D:\src\AOSP-openjdk-cygwin\jdk8u\hotspot\src\share\vm\interpreter\linkResolver.cpp, l
Event: 3.558 Thread 0x0000000058b62800 Exception <a 'java/lang/NoSuchMethodError': java.lang.Object.lambda$static$0(I)[Lorg/jetbrains/kotlin/com/intellij/psi/PsiMethod;> (0x00000000e34c1e60) thrown at [D:\src\AOSP-openjdk-cygwin\jdk8u\hotspot\src\share\vm\interpreter\linkResolver.cpp, line 584

Events (10 events):
Event: 3.558 loading class org/jetbrains/kotlin/com/intellij/psi/PsiMethod
Event: 3.558 loading class org/jetbrains/kotlin/com/intellij/psi/PsiMethod done
Event: 3.558 loading class org/jetbrains/kotlin/com/intellij/util/ArrayFactory
Event: 3.558 loading class org/jetbrains/kotlin/com/intellij/util/ArrayFactory done
Event: 3.559 loading class org/jetbrains/kotlin/load/java/structure/impl/JavaElementCollectionFromPsiArrayUtil$methods$1
Event: 3.559 loading class org/jetbrains/kotlin/load/java/structure/impl/JavaElementCollectionFromPsiArrayUtil$methods$1 done
Event: 3.559 loading class org/jetbrains/kotlin/com/intellij/psi/util/CachedValueProvider$Result
Event: 3.559 loading class org/jetbrains/kotlin/com/intellij/psi/util/CachedValueProvider$Result done
Event: 3.560 loading class org/jetbrains/kotlin/com/intellij/psi/impl/source/ClassInnerStuffCache
Event: 3.560 loading class org/jetbrains/kotlin/com/intellij/psi/impl/source/ClassInnerStuffCache done


Dynamic libraries:
0x000000013fad0000 - 0x000000013fb01000 	E:\AndroidSoftWares\as\jre\jre\bin\java.exe
0x0000000077740000 - 0x00000000778df000 	C:\Windows\SYSTEM32\ntdll.dll
0x0000000077520000 - 0x000000007763f000 	C:\Windows\system32\kernel32.dll
0x000007fefd7a0000 - 0x000007fefd80a000 	C:\Windows\system32\KERNELBASE.dll
0x000007feff950000 - 0x000007feffa2b000 	C:\Windows\system32\ADVAPI32.dll
0x000007feff2c0000 - 0x000007feff35f000 	C:\Windows\system32\msvcrt.dll
0x000007feff850000 - 0x000007feff86f000 	C:\Windows\SYSTEM32\sechost.dll
0x000007feff6a0000 - 0x000007feff7cd000 	C:\Windows\system32\RPCRT4.dll
0x0000000077640000 - 0x000000007773a000 	C:\Windows\system32\USER32.dll
0x000007feff460000 - 0x000007feff4c7000 	C:\Windows\system32\GDI32.dll
0x000007feff870000 - 0x000007feff87e000 	C:\Windows\system32\LPK.dll
0x000007feff880000 - 0x000007feff94b000 	C:\Windows\system32\USP10.dll
0x000007fefbeb0000 - 0x000007fefc0a4000 	C:\Windows\WinSxS\amd64_microsoft.windows.common-controls_6595b64144ccf1df_6.0.7601.18837_none_fa3b1e3d17594757\COMCTL32.dll
0x000007fefddb0000 - 0x000007fefde21000 	C:\Windows\system32\SHLWAPI.dll
0x000007feff290000 - 0x000007feff2be000 	C:\Windows\system32\IMM32.DLL
0x000007fefee30000 - 0x000007fefef39000 	C:\Windows\system32\MSCTF.dll
0x0000000068da0000 - 0x0000000068e72000 	E:\AndroidSoftWares\as\jre\jre\bin\msvcr100.dll
0x00000000639c0000 - 0x00000000641ff000 	E:\AndroidSoftWares\as\jre\jre\bin\server\jvm.dll
0x000007fef0690000 - 0x000007fef0699000 	C:\Windows\system32\WSOCK32.dll
0x000007feff240000 - 0x000007feff28d000 	C:\Windows\system32\WS2_32.dll
0x000007fefdda0000 - 0x000007fefdda8000 	C:\Windows\system32\NSI.dll
0x000007fefd4b0000 - 0x000007fefd4eb000 	C:\Windows\system32\WINMM.dll
0x000007fefc540000 - 0x000007fefc54c000 	C:\Windows\system32\VERSION.dll
0x00000000778e0000 - 0x00000000778e7000 	C:\Windows\system32\PSAPI.DLL
0x000007fefbc40000 - 0x000007fefbc4f000 	E:\AndroidSoftWares\as\jre\jre\bin\verify.dll
0x000007feee6a0000 - 0x000007feee6c9000 	E:\AndroidSoftWares\as\jre\jre\bin\java.dll
0x000007fefbc20000 - 0x000007fefbc36000 	E:\AndroidSoftWares\as\jre\jre\bin\zip.dll
0x000007fefde30000 - 0x000007fefebba000 	C:\Windows\system32\SHELL32.dll
0x000007fefd8b0000 - 0x000007fefdaad000 	C:\Windows\system32\ole32.dll
0x000007fefd400000 - 0x000007fefd40f000 	C:\Windows\system32\profapi.dll
0x000007feee6f0000 - 0x000007feee6fd000 	E:\AndroidSoftWares\as\jre\jre\bin\management.dll
0x000007feee760000 - 0x000007feee77a000 	E:\AndroidSoftWares\as\jre\jre\bin\net.dll
0x000007fefcc30000 - 0x000007fefcc85000 	C:\Windows\system32\mswsock.dll
0x000007fefcc20000 - 0x000007fefcc27000 	C:\Windows\System32\wship6.dll
0x000007feed9d0000 - 0x000007feed9e1000 	E:\AndroidSoftWares\as\jre\jre\bin\nio.dll
0x000007fefcc90000 - 0x000007fefcca7000 	C:\Windows\system32\CRYPTSP.dll
0x000007fefc990000 - 0x000007fefc9d7000 	C:\Windows\system32\rsaenh.dll
0x000007fefc740000 - 0x000007fefc75e000 	C:\Windows\system32\USERENV.dll
0x000007fefd330000 - 0x000007fefd33f000 	C:\Windows\system32\CRYPTBASE.dll
0x000007fefaf00000 - 0x000007fefaf27000 	C:\Windows\system32\IPHLPAPI.DLL
0x000007fefaef0000 - 0x000007fefaefb000 	C:\Windows\system32\WINNSI.DLL
0x000007fefad00000 - 0x000007fefad11000 	C:\Windows\system32\dhcpcsvc6.DLL
0x000007feface0000 - 0x000007fefacf8000 	C:\Windows\system32\dhcpcsvc.DLL

VM Arguments:
jvm_args: -Djava.awt.headless=true -Djava.rmi.server.hostname=localhost -Xmx1536m -Dkotlin.environment.keepalive 
java_command: org.jetbrains.kotlin.daemon.KotlinCompileDaemon --daemon-runFilesPath C:\Users\SEELE\AppData\Local\kotlin\daemon --daemon-autoshutdownIdleSeconds=7200 --daemon-compilerClasspath C:\Users\SEELE\.gradle\caches\jars-3\220ff9348cd0231fc5b6d4f098bd6c51\kotlin-compiler-embeddable-1.2.30.jar;C:\Users\SEELE\.gradle\caches\jars-3\43a73c5d7a9e3379261011995fec17dc\kotlin-stdlib-1.2.30.jar;C:\Users\SEELE\.gradle\caches\jars-3\516da8ef7fb979cac281024ed0f82843\kotlin-script-runtime-1.2.30.jar;C:\Users\SEELE\.gradle\caches\jars-3\f1f5b758d4b0d1cdde94ec456ba8d597\kotlin-reflect-1.2.30.jar;E:\AndroidSoftWares\as\jre\lib\tools.jar
java_class_path (initial): C:\Users\SEELE\.gradle\caches\jars-3\220ff9348cd0231fc5b6d4f098bd6c51\kotlin-compiler-embeddable-1.2.30.jar;C:\Users\SEELE\.gradle\caches\jars-3\43a73c5d7a9e3379261011995fec17dc\kotlin-stdlib-1.2.30.jar;C:\Users\SEELE\.gradle\caches\jars-3\516da8ef7fb979cac281024ed0f82843\kotlin-script-runtime-1.2.30.jar;C:\Users\SEELE\.gradle\caches\jars-3\f1f5b758d4b0d1cdde94ec456ba8d597\kotlin-reflect-1.2.30.jar;E:\AndroidSoftWares\as\jre\lib\tools.jar
Launcher Type: SUN_STANDARD

Environment Variables:
JAVA_HOME=E:\InstalleSoftWares
CLASSPATH=E:\InstalleSoftWares\lib;.;E:\InstalleSoftWares\lib\tools.jar
PATH=F:\SDK\tools;F:\SDK\build-tools\25.0.2\dx.bat;E:\gradle\gradle-3.4.1\bin;E:\InstalleSoftWares\bin;C:\Windows\system32;C:\Windows;C:\Windows\System32\Wbem;C:\Windows\System32\WindowsPowerShell\v1.0\;F:\ProgrammeFile\nodejs\;E:\InstalleSoftWares\Git\cmd;F:\ProgrammeFile\erl9.3\bin;F:\ProgrammeFile\Go\bin;F:\SDK\ndk-bundle;E:\ProgrammeFiles\python\Scripts\;E:\ProgrammeFiles\python\;E:\groovy-2.4.11\bin;F:\SDK\platform-tools;C:\Users\SEELE\AppData\Roaming\npm;F:\GitProj\flutter\bin;F:\TempGit\Docker Toolbox;F:\Program Files (x86)\Microsoft VS Code\bin
USERNAME=SEELE
OS=Windows_NT
PROCESSOR_IDENTIFIER=Intel64 Family 6 Model 94 Stepping 3, GenuineIntel



---------------  S Y S T E M  ---------------

OS: Windows 7 , 64 bit Build 7601 (6.1.7601.24150)

CPU:total 4 (initial active 4) (4 cores per cpu, 1 threads per core) family 6 model 94 stepping 3, cmov, cx8, fxsr, mmx, sse, sse2, sse3, ssse3, sse4.1, sse4.2, popcnt, avx, avx2, aes, clmul, erms, rtm, 3dnowpref, lzcnt, tsc, tscinvbit, bmi1, bmi2, adx

Memory: 4k page, physical 8271188k(1043712k free), swap 10366464k(4128k free)

vm_info: OpenJDK 64-Bit Server VM (25.152-b02) for windows-amd64 JRE (1.8.0_152-release-1024-b02), built by "builder" with MS VC++ 10.0 (VS2010)

time: Tue Aug 21 15:47:03 2018
elapsed time: 3 seconds (0d 0h 0m 3s)

